commit 3cf7a4c25b78e449ac35fa8b7bd0930f93c9a335
Author: Joseph Nehl <jo3n3hl@gmail.com>
Date:   Wed Feb 21 18:30:00 2018 -0800

    Addition of delete, rename and bug fix of description

commit 4f851fb3c2cbde7da02c4c46a7c15665dd737984
Author: Joseph Nehl <jo3n3hl@gmail.com>
Date:   Sun Feb 18 13:58:09 2018 -0800

    update to git.log

commit 19e0aa4d23cefd6ecd7e00c6f4f4410006e4da6d
Author: Joseph Nehl <jo3n3hl@gmail.com>
Date:   Sat Feb 17 17:28:42 2018 -0800

    another fix to description

commit 1df21031f7573a430384ed7112ccc61c36f47b25
Author: Joseph Nehl <jo3n3hl@gmail.com>
Date:   Sat Feb 17 16:24:04 2018 -0800

    time readablility; fixed a description error

commit 9e36690012431d05051f54aea9453514ebdb1fd4
Author: Joseph Nehl <jo3n3hl@gmail.com>
Date:   Tue Feb 13 20:44:52 2018 -0800

    added in README.md

commit 4ff767fcc8388a47956427e0d22699be5260e385
Author: Joseph Nehl <jo3n3hl@gmail.com>
Date:   Tue Feb 13 20:43:05 2018 -0800

    added in README.md

commit 51ac5b3930b55ec4d852d374e303a8b830959f1d
Author: Joseph Nehl <jo3n3hl@gmail.com>
Date:   Tue Feb 13 20:12:01 2018 -0800

    try again

commit 15f377e846a843dc269137f62907ef2074ac454b
Author: Joseph Nehl <jo3n3hl@gmail.com>
Date:   Tue Feb 13 20:07:23 2018 -0800

    try again

commit fd76f1ad6be2bb176997944148b7d5f13e02e8a4
Author: Joseph Nehl <jo3n3hl@gmail.com>
Date:   Tue Feb 13 20:03:59 2018 -0800

    Delete README.md

commit 2222d99dbf92943d1c8b855fa0f84001f835236e
Author: Joseph Nehl <jo3n3hl@gmail.com>
Date:   Tue Feb 13 19:56:53 2018 -0800

    First add, bad way

commit 67d2c584970b922541972cdaafe394e0d59da548
Author: Joseph Nehl <jo3n3hl@gmail.com>
Date:   Tue Feb 13 19:22:59 2018 -0800

    Initial commit
